<?xml version="1.0" encoding="UTF-8"?>
<!-- Generated by org.testng.reporters.JUnitReportReporter -->
<testsuite skipped="1" hostname="LAPTOP-SG3OI6V4" name="login.RunnerLogin" tests="8" failures="0" timestamp="2021-08-16T17:22:55 IST" time="40.982" errors="0">
  <testcase name="f" time="0.997" classname="login.RunnerLogin"/>
  <testcase name="LoginInPhone" time="9.950" classname="login.RunnerLogin"/>
  <testcase name="LoginPhone" time="3.536" classname="login.RunnerLogin"/>
  <testcase name="LoginEmail" time="2.370" classname="login.RunnerLogin"/>
  <testcase name="LoginEimail" time="2.386" classname="login.RunnerLogin"/>
  <testcase name="LoginEimailOtp" time="18.996" classname="login.RunnerLogin"/>
  <testcase name="LoginEimailInvalid" time="2.747" classname="login.RunnerLogin"/>
  <testcase name="LoginPhoneIn" classname="login.RunnerLogin">
    <skipped/>
  </testcase> <!-- LoginPhoneIn -->
</testsuite> <!-- login.RunnerLogin -->
