<?xml version="1.0" encoding="UTF-8"?>
<!-- Generated by org.testng.reporters.JUnitReportReporter -->
<testsuite skipped="0" hostname="LAPTOP-SG3OI6V4" name="signUp.Runner" tests="8" failures="0" timestamp="2021-08-16T14:51:08 IST" time="144.989" errors="0">
  <testcase name="report" time="0.198" classname="signUp.Runner"/>
  <testcase name="openUrl" time="1.406" classname="signUp.Runner"/>
  <testcase name="signupEmail02" time="6.990" classname="signUp.Runner"/>
  <testcase name="signupEmail03" time="16.833" classname="signUp.Runner"/>
  <testcase name="signupPhone03" time="8.165" classname="signUp.Runner"/>
  <testcase name="signupPhone02" time="15.245" classname="signUp.Runner"/>
  <testcase name="signupEmail01" time="38.929" classname="signUp.Runner"/>
  <testcase name="signupPhone01" time="57.223" classname="signUp.Runner"/>
</testsuite> <!-- signUp.Runner -->
