<?xml version="1.0" encoding="UTF-8"?>
<!-- Generated by org.testng.reporters.JUnitReportReporter -->
<testsuite skipped="1" hostname="LAPTOP-SG3OI6V4" name="flight1.FlightScript01" tests="10" failures="0" timestamp="2021-08-16T15:27:51 IST" time="4.795" errors="0">
  <testcase name="tc_search01" time="1.227" classname="flight1.FlightScript01"/>
  <testcase name="tc_date02" time="0.179" classname="flight1.FlightScript01"/>
  <testcase name="tc_class01" time="0.215" classname="flight1.FlightScript01"/>
  <testcase name="tc_traveller9" time="0.667" classname="flight1.FlightScript01"/>
  <testcase name="tc_traveller01" time="1.101" classname="flight1.FlightScript01"/>
  <testcase name="f" time="0.110" classname="flight1.FlightScript01"/>
  <testcase name="aPropLoadMethod" time="0.944" classname="flight1.FlightScript01"/>
  <testcase name="checkRoundtrip" time="0.140" classname="flight1.FlightScript01"/>
  <testcase name="tc_date01" time="0.212" classname="flight1.FlightScript01"/>
  <testcase name="checkOneway" classname="flight1.FlightScript01">
    <skipped/>
  </testcase> <!-- checkOneway -->
</testsuite> <!-- flight1.FlightScript01 -->
