<?xml version="1.0" encoding="UTF-8"?>
<!-- Generated by org.testng.reporters.JUnitReportReporter -->
<testsuite skipped="0" hostname="LAPTOP-SG3OI6V4" name="Flights2.MyFlightScript2" tests="16" failures="0" timestamp="2021-08-16T17:18:44 IST" time="200.124" errors="0">
  <testcase name="checkRoundtrip" time="9.139" classname="Flights2.MyFlightScript2"/>
  <testcase name="f" time="7.204" classname="Flights2.MyFlightScript2"/>
  <testcase name="aPropLoadMethod" time="7.291" classname="Flights2.MyFlightScript2"/>
  <testcase name="checkOneway" time="8.591" classname="Flights2.MyFlightScript2"/>
  <testcase name="checkMulticity" time="10.036" classname="Flights2.MyFlightScript2"/>
  <testcase name="webCheckIn" time="13.928" classname="Flights2.MyFlightScript2"/>
  <testcase name="CheckDefence" time="13.692" classname="Flights2.MyFlightScript2"/>
  <testcase name="checkFlightDetails" time="10.888" classname="Flights2.MyFlightScript2"/>
  <testcase name="reviewValidEmail" time="14.838" classname="Flights2.MyFlightScript2"/>
  <testcase name="reviewInvalidEmail" time="14.007" classname="Flights2.MyFlightScript2"/>
  <testcase name="reviewdInsuranceYes" time="16.032" classname="Flights2.MyFlightScript2"/>
  <testcase name="reviewdInsuranceNo" time="16.064" classname="Flights2.MyFlightScript2"/>
  <testcase name="travellerSection1" time="21.083" classname="Flights2.MyFlightScript2"/>
  <testcase name="travellerSection2" time="18.635" classname="Flights2.MyFlightScript2"/>
  <testcase name="checkSameLocation" time="10.729" classname="Flights2.MyFlightScript2"/>
  <testcase name="maxTravelersCheck" time="7.967" classname="Flights2.MyFlightScript2"/>
</testsuite> <!-- Flights2.MyFlightScript2 -->
