<?xml version="1.0" encoding="UTF-8"?>
<!-- Generated by org.testng.reporters.JUnitReportReporter -->
<testsuite skipped="0" hostname="LAPTOP-SG3OI6V4" name="hotelSearch.HSearchTest" tests="9" failures="0" timestamp="2021-08-15T10:19:26 IST" time="13.579" errors="0">
  <testcase name="positiveSearch" time="2.723" classname="hotelSearch.HSearchTest"/>
  <testcase name="checkCity" time="0.336" classname="hotelSearch.HSearchTest"/>
  <testcase name="landingPage" time="2.512" classname="hotelSearch.HSearchTest"/>
  <testcase name="sameDates" time="1.412" classname="hotelSearch.HSearchTest"/>
  <testcase name="disabledInDates" time="1.217" classname="hotelSearch.HSearchTest"/>
  <testcase name="daysGap" time="1.003" classname="hotelSearch.HSearchTest"/>
  <testcase name="yestDate" time="3.068" classname="hotelSearch.HSearchTest"/>
  <testcase name="disabledOutDate" time="1.185" classname="hotelSearch.HSearchTest"/>
  <testcase name="report" time="0.123" classname="hotelSearch.HSearchTest"/>
</testsuite> <!-- hotelSearch.HSearchTest -->
