<?xml version="1.0" encoding="UTF-8"?>
<!-- Generated by org.testng.reporters.JUnitReportReporter -->
<testsuite skipped="0" hostname="LAPTOP-SG3OI6V4" name="hotelBooking.RunnerClass" tests="10" failures="0" timestamp="2021-08-16T13:03:55 IST" time="44.212" errors="0">
  <testcase name="resultPage" time="10.830" classname="hotelBooking.RunnerClass"/>
  <testcase name="dataInvalid3" time="5.102" classname="hotelBooking.RunnerClass"/>
  <testcase name="selectRoomButton" time="0.908" classname="hotelBooking.RunnerClass"/>
  <testcase name="bookNow" time="2.816" classname="hotelBooking.RunnerClass"/>
  <testcase name="dataValid" time="4.638" classname="hotelBooking.RunnerClass"/>
  <testcase name="dataInvalid2" time="5.134" classname="hotelBooking.RunnerClass"/>
  <testcase name="dataInvalid4" time="8.112" classname="hotelBooking.RunnerClass"/>
  <testcase name="viewRoom" time="1.460" classname="hotelBooking.RunnerClass"/>
  <testcase name="dataInvalid1" time="5.077" classname="hotelBooking.RunnerClass"/>
  <testcase name="f" time="0.135" classname="hotelBooking.RunnerClass"/>
</testsuite> <!-- hotelBooking.RunnerClass -->
