<?xml version="1.0" encoding="UTF-8"?>
<!-- Generated by org.testng.reporters.JUnitReportReporter -->
<testsuite skipped="1" hostname="LAPTOP-SG3OI6V4" name="flight1.FlightScript01" tests="10" failures="0" timestamp="2021-08-16T17:24:25 IST" time="44.972" errors="0">
  <testcase name="tc_traveller01" time="4.230" classname="flight1.FlightScript01"/>
  <testcase name="tc_search01" time="3.641" classname="flight1.FlightScript01"/>
  <testcase name="tc_traveller9" time="25.502" classname="flight1.FlightScript01"/>
  <testcase name="tc_class01" time="2.731" classname="flight1.FlightScript01"/>
  <testcase name="tc_date02" time="2.530" classname="flight1.FlightScript01"/>
  <testcase name="f" time="0.183" classname="flight1.FlightScript01"/>
  <testcase name="aPropLoadMethod" time="1.306" classname="flight1.FlightScript01"/>
  <testcase name="tc_date01" time="2.543" classname="flight1.FlightScript01"/>
  <testcase name="checkRoundtrip" time="2.306" classname="flight1.FlightScript01"/>
  <testcase name="checkOneway" classname="flight1.FlightScript01">
    <skipped/>
  </testcase> <!-- checkOneway -->
</testsuite> <!-- flight1.FlightScript01 -->
