<?xml version="1.0" encoding="UTF-8"?>
<!-- Generated by org.testng.reporters.JUnitReportReporter -->
<testsuite skipped="0" hostname="LAPTOP-SG3OI6V4" name="Flights2.MyFlightScript2" tests="16" failures="0" timestamp="2021-08-16T13:10:16 IST" time="196.675" errors="0">
  <testcase name="checkRoundtrip" time="8.737" classname="Flights2.MyFlightScript2"/>
  <testcase name="f" time="6.988" classname="Flights2.MyFlightScript2"/>
  <testcase name="aPropLoadMethod" time="7.290" classname="Flights2.MyFlightScript2"/>
  <testcase name="checkOneway" time="7.967" classname="Flights2.MyFlightScript2"/>
  <testcase name="checkMulticity" time="9.771" classname="Flights2.MyFlightScript2"/>
  <testcase name="webCheckIn" time="13.834" classname="Flights2.MyFlightScript2"/>
  <testcase name="CheckDefence" time="13.445" classname="Flights2.MyFlightScript2"/>
  <testcase name="checkFlightDetails" time="10.431" classname="Flights2.MyFlightScript2"/>
  <testcase name="reviewValidEmail" time="14.578" classname="Flights2.MyFlightScript2"/>
  <testcase name="reviewInvalidEmail" time="14.524" classname="Flights2.MyFlightScript2"/>
  <testcase name="reviewdInsuranceYes" time="15.467" classname="Flights2.MyFlightScript2"/>
  <testcase name="reviewdInsuranceNo" time="15.713" classname="Flights2.MyFlightScript2"/>
  <testcase name="travellerSection1" time="21.657" classname="Flights2.MyFlightScript2"/>
  <testcase name="travellerSection2" time="18.292" classname="Flights2.MyFlightScript2"/>
  <testcase name="checkSameLocation" time="10.185" classname="Flights2.MyFlightScript2"/>
  <testcase name="maxTravelersCheck" time="7.796" classname="Flights2.MyFlightScript2"/>
</testsuite> <!-- Flights2.MyFlightScript2 -->
