<?xml version="1.0" encoding="UTF-8"?>
<!-- Generated by org.testng.reporters.JUnitReportReporter -->
<testsuite skipped="1" hostname="LAPTOP-SG3OI6V4" name="login.RunnerLogin" tests="8" failures="0" timestamp="2021-08-16T15:22:29 IST" time="43.102" errors="0">
  <testcase name="f" time="0.990" classname="login.RunnerLogin"/>
  <testcase name="LoginInPhone" time="9.370" classname="login.RunnerLogin"/>
  <testcase name="LoginPhone" time="3.930" classname="login.RunnerLogin"/>
  <testcase name="LoginEmail" time="2.170" classname="login.RunnerLogin"/>
  <testcase name="LoginEimail" time="2.180" classname="login.RunnerLogin"/>
  <testcase name="LoginEimailOtp" time="22.105" classname="login.RunnerLogin"/>
  <testcase name="LoginEimailInvalid" time="2.357" classname="login.RunnerLogin"/>
  <testcase name="LoginPhoneIn" classname="login.RunnerLogin">
    <skipped/>
  </testcase> <!-- LoginPhoneIn -->
</testsuite> <!-- login.RunnerLogin -->
