<?xml version="1.0" encoding="UTF-8"?>
<!-- Generated by org.testng.reporters.JUnitReportReporter -->
<testsuite skipped="0" hostname="LAPTOP-SG3OI6V4" name="endToEndHotelBooking.RunnerClass" tests="6" failures="0" timestamp="2021-08-14T14:37:16 IST" time="10.590" errors="0">
  <testcase name="viewRoom" time="3.251" classname="endToEndHotelBooking.RunnerClass"/>
  <testcase name="bookNow" time="2.905" classname="endToEndHotelBooking.RunnerClass"/>
  <testcase name="dataValid" time="0.596" classname="endToEndHotelBooking.RunnerClass"/>
  <testcase name="resultPage" time="2.622" classname="endToEndHotelBooking.RunnerClass"/>
  <testcase name="selectRoomButton" time="1.109" classname="endToEndHotelBooking.RunnerClass"/>
  <testcase name="f" time="0.107" classname="endToEndHotelBooking.RunnerClass"/>
</testsuite> <!-- endToEndHotelBooking.RunnerClass -->
