<?xml version="1.0" encoding="UTF-8"?>
<!-- Generated by org.testng.reporters.JUnitReportReporter -->
<testsuite skipped="0" hostname="LAPTOP-SG3OI6V4" name="hotelBooking.RunnerClass" tests="10" failures="0" timestamp="2021-08-15T10:43:24 IST" time="33.576" errors="0">
  <testcase name="dataInvalid4" time="4.344" classname="hotelBooking.RunnerClass"/>
  <testcase name="resultPage" time="10.555" classname="hotelBooking.RunnerClass"/>
  <testcase name="dataInvalid1" time="4.363" classname="hotelBooking.RunnerClass"/>
  <testcase name="dataInvalid3" time="4.395" classname="hotelBooking.RunnerClass"/>
  <testcase name="selectRoomButton" time="1.025" classname="hotelBooking.RunnerClass"/>
  <testcase name="bookNow" time="2.884" classname="hotelBooking.RunnerClass"/>
  <testcase name="dataValid" time="0.575" classname="hotelBooking.RunnerClass"/>
  <testcase name="dataInvalid2" time="4.319" classname="hotelBooking.RunnerClass"/>
  <testcase name="viewRoom" time="1.021" classname="hotelBooking.RunnerClass"/>
  <testcase name="f" time="0.095" classname="hotelBooking.RunnerClass"/>
</testsuite> <!-- hotelBooking.RunnerClass -->
