<?xml version="1.0" encoding="UTF-8"?>
<!-- Generated by org.testng.reporters.JUnitReportReporter -->
<testsuite skipped="0" hostname="LAPTOP-SG3OI6V4" name="hotelSearch.HSearchTest" tests="9" failures="0" timestamp="2021-08-16T13:01:01 IST" time="13.942" errors="0">
  <testcase name="positiveSearch" time="2.623" classname="hotelSearch.HSearchTest"/>
  <testcase name="checkCity" time="0.429" classname="hotelSearch.HSearchTest"/>
  <testcase name="landingPage" time="2.262" classname="hotelSearch.HSearchTest"/>
  <testcase name="sameDates" time="1.279" classname="hotelSearch.HSearchTest"/>
  <testcase name="disabledInDates" time="1.253" classname="hotelSearch.HSearchTest"/>
  <testcase name="daysGap" time="1.768" classname="hotelSearch.HSearchTest"/>
  <testcase name="yestDate" time="2.971" classname="hotelSearch.HSearchTest"/>
  <testcase name="disabledOutDate" time="1.253" classname="hotelSearch.HSearchTest"/>
  <testcase name="report" time="0.104" classname="hotelSearch.HSearchTest"/>
</testsuite> <!-- hotelSearch.HSearchTest -->
