<?xml version="1.0" encoding="UTF-8"?>
<!-- Generated by org.testng.reporters.JUnitReportReporter -->
<testsuite skipped="0" hostname="LAPTOP-SG3OI6V4" name="hotelBooking.RunnerClass" tests="10" failures="0" timestamp="2021-08-16T17:20:17 IST" time="46.008" errors="0">
  <testcase name="resultPage" time="11.513" classname="hotelBooking.RunnerClass"/>
  <testcase name="selectRoomButton" time="1.258" classname="hotelBooking.RunnerClass"/>
  <testcase name="dataInvalid2" time="5.249" classname="hotelBooking.RunnerClass"/>
  <testcase name="dataInvalid1" time="5.117" classname="hotelBooking.RunnerClass"/>
  <testcase name="bookNow" time="3.165" classname="hotelBooking.RunnerClass"/>
  <testcase name="dataInvalid3" time="5.258" classname="hotelBooking.RunnerClass"/>
  <testcase name="dataInvalid4" time="8.354" classname="hotelBooking.RunnerClass"/>
  <testcase name="dataValid" time="4.672" classname="hotelBooking.RunnerClass"/>
  <testcase name="viewRoom" time="1.304" classname="hotelBooking.RunnerClass"/>
  <testcase name="f" time="0.118" classname="hotelBooking.RunnerClass"/>
</testsuite> <!-- hotelBooking.RunnerClass -->
