<?xml version="1.0" encoding="UTF-8"?>
<!-- Generated by org.testng.reporters.JUnitReportReporter -->
<testsuite skipped="1" hostname="LAPTOP-SG3OI6V4" name="login.RunnerLogin" tests="6" failures="0" timestamp="2021-08-14T17:40:34 IST" time="11.192" errors="0">
  <testcase name="f" time="0.157" classname="login.RunnerLogin"/>
  <testcase name="LoginInPhone" time="3.213" classname="login.RunnerLogin"/>
  <testcase name="LoginPhone" time="3.560" classname="login.RunnerLogin"/>
  <testcase name="LoginEimail" time="2.167" classname="login.RunnerLogin"/>
  <testcase name="LoginEmail" time="2.095" classname="login.RunnerLogin"/>
  <testcase name="inEmail" classname="login.RunnerLogin">
    <skipped/>
  </testcase> <!-- inEmail -->
</testsuite> <!-- login.RunnerLogin -->
