<?xml version="1.0" encoding="UTF-8"?>
<!-- Generated by org.testng.reporters.JUnitReportReporter -->
<testsuite skipped="0" hostname="LAPTOP-SG3OI6V4" name="endToEndHotelBooking.RunnerClass" tests="1" failures="0" timestamp="2021-08-15T10:50:31 IST" time="23.224" errors="0">
  <testcase name="hotelBooking" time="23.224" classname="endToEndHotelBooking.RunnerClass"/>
</testsuite> <!-- endToEndHotelBooking.RunnerClass -->
