<?xml version="1.0" encoding="UTF-8"?>
<!-- Generated by org.testng.reporters.JUnitReportReporter -->
<testsuite skipped="3" hostname="LAPTOP-SG3OI6V4" name="flight1.FlightScript01" tests="12" failures="0" timestamp="2021-08-14T17:26:25 IST" time="5.060" errors="0">
  <testcase name="tc_search01" time="1.453" classname="flight1.FlightScript01"/>
  <testcase name="tc_date02" time="0.161" classname="flight1.FlightScript01"/>
  <testcase name="tc_class01" time="0.217" classname="flight1.FlightScript01"/>
  <testcase name="tc_traveller9" time="0.641" classname="flight1.FlightScript01"/>
  <testcase name="tc_traveller01" time="1.195" classname="flight1.FlightScript01"/>
  <testcase name="f" time="0.098" classname="flight1.FlightScript01"/>
  <testcase name="aPropLoadMethod" time="0.960" classname="flight1.FlightScript01"/>
  <testcase name="checkRoundtrip" time="0.131" classname="flight1.FlightScript01"/>
  <testcase name="tc_date01" time="0.204" classname="flight1.FlightScript01"/>
  <testcase name="tc_reviewdetails03" classname="flight1.FlightScript01">
    <skipped/>
  </testcase> <!-- tc_reviewdetails03 -->
  <testcase name="tc_reviewdetails04" classname="flight1.FlightScript01">
    <skipped/>
  </testcase> <!-- tc_reviewdetails04 -->
  <testcase name="checkOneway" classname="flight1.FlightScript01">
    <skipped/>
  </testcase> <!-- checkOneway -->
</testsuite> <!-- flight1.FlightScript01 -->
