<?xml version="1.0" encoding="UTF-8"?>
<!-- Generated by org.testng.reporters.JUnitReportReporter -->
<testsuite skipped="0" hostname="LAPTOP-SG3OI6V4" name="hotelSearch.HSearchTest" tests="9" failures="0" timestamp="2021-08-16T17:21:42 IST" time="58.485" errors="0">
  <testcase name="positiveSearch" time="10.924" classname="hotelSearch.HSearchTest"/>
  <testcase name="checkCity" time="5.409" classname="hotelSearch.HSearchTest"/>
  <testcase name="landingPage" time="4.500" classname="hotelSearch.HSearchTest"/>
  <testcase name="sameDates" time="9.966" classname="hotelSearch.HSearchTest"/>
  <testcase name="disabledInDates" time="3.291" classname="hotelSearch.HSearchTest"/>
  <testcase name="daysGap" time="8.758" classname="hotelSearch.HSearchTest"/>
  <testcase name="yestDate" time="9.249" classname="hotelSearch.HSearchTest"/>
  <testcase name="disabledOutDate" time="6.266" classname="hotelSearch.HSearchTest"/>
  <testcase name="report" time="0.122" classname="hotelSearch.HSearchTest"/>
</testsuite> <!-- hotelSearch.HSearchTest -->
