<?xml version="1.0" encoding="UTF-8"?>
<!-- Generated by org.testng.reporters.JUnitReportReporter -->
<testsuite skipped="0" hostname="LAPTOP-SG3OI6V4" name="hotelSearch.HSearchTest" tests="9" failures="0" timestamp="2021-08-16T13:59:25 IST" time="58.648" errors="0">
  <testcase name="positiveSearch" time="10.749" classname="hotelSearch.HSearchTest"/>
  <testcase name="checkCity" time="5.390" classname="hotelSearch.HSearchTest"/>
  <testcase name="landingPage" time="5.274" classname="hotelSearch.HSearchTest"/>
  <testcase name="sameDates" time="9.820" classname="hotelSearch.HSearchTest"/>
  <testcase name="disabledInDates" time="3.263" classname="hotelSearch.HSearchTest"/>
  <testcase name="daysGap" time="8.804" classname="hotelSearch.HSearchTest"/>
  <testcase name="yestDate" time="8.966" classname="hotelSearch.HSearchTest"/>
  <testcase name="disabledOutDate" time="6.266" classname="hotelSearch.HSearchTest"/>
  <testcase name="report" time="0.116" classname="hotelSearch.HSearchTest"/>
</testsuite> <!-- hotelSearch.HSearchTest -->
