<?xml version="1.0" encoding="UTF-8"?>
<!-- Generated by org.testng.reporters.JUnitReportReporter -->
<testsuite skipped="0" hostname="LAPTOP-SG3OI6V4" name="hotelSearch.HSearchTest" tests="9" failures="0" timestamp="2021-08-15T09:38:03 IST" time="14.062" errors="0">
  <testcase name="positiveSearch" time="2.339" classname="hotelSearch.HSearchTest"/>
  <testcase name="checkCity" time="0.921" classname="hotelSearch.HSearchTest"/>
  <testcase name="landingPage" time="2.848" classname="hotelSearch.HSearchTest"/>
  <testcase name="sameDates" time="1.033" classname="hotelSearch.HSearchTest"/>
  <testcase name="disabledInDates" time="1.222" classname="hotelSearch.HSearchTest"/>
  <testcase name="daysGap" time="1.114" classname="hotelSearch.HSearchTest"/>
  <testcase name="yestDate" time="3.186" classname="hotelSearch.HSearchTest"/>
  <testcase name="disabledOutDate" time="1.201" classname="hotelSearch.HSearchTest"/>
  <testcase name="report" time="0.198" classname="hotelSearch.HSearchTest"/>
</testsuite> <!-- hotelSearch.HSearchTest -->
