<?xml version="1.0" encoding="UTF-8"?>
<!-- Generated by org.testng.reporters.JUnitReportReporter -->
<testsuite skipped="0" hostname="LAPTOP-SG3OI6V4" name="Flights2.MyFlightScript2" tests="16" failures="0" timestamp="2021-08-15T10:25:56 IST" time="201.324" errors="0">
  <testcase name="checkRoundtrip" time="8.848" classname="Flights2.MyFlightScript2"/>
  <testcase name="f" time="7.098" classname="Flights2.MyFlightScript2"/>
  <testcase name="aPropLoadMethod" time="7.522" classname="Flights2.MyFlightScript2"/>
  <testcase name="checkOneway" time="8.102" classname="Flights2.MyFlightScript2"/>
  <testcase name="checkMulticity" time="9.706" classname="Flights2.MyFlightScript2"/>
  <testcase name="webCheckIn" time="14.337" classname="Flights2.MyFlightScript2"/>
  <testcase name="CheckDefence" time="13.336" classname="Flights2.MyFlightScript2"/>
  <testcase name="checkFlightDetails" time="10.717" classname="Flights2.MyFlightScript2"/>
  <testcase name="reviewValidEmail" time="15.115" classname="Flights2.MyFlightScript2"/>
  <testcase name="reviewInvalidEmail" time="15.060" classname="Flights2.MyFlightScript2"/>
  <testcase name="reviewdInsuranceYes" time="16.978" classname="Flights2.MyFlightScript2"/>
  <testcase name="reviewdInsuranceNo" time="17.239" classname="Flights2.MyFlightScript2"/>
  <testcase name="travellerSection1" time="21.709" classname="Flights2.MyFlightScript2"/>
  <testcase name="travellerSection2" time="17.925" classname="Flights2.MyFlightScript2"/>
  <testcase name="checkSameLocation" time="10.173" classname="Flights2.MyFlightScript2"/>
  <testcase name="maxTravelersCheck" time="7.459" classname="Flights2.MyFlightScript2"/>
</testsuite> <!-- Flights2.MyFlightScript2 -->
