<?xml version="1.0" encoding="UTF-8"?>
<!-- Generated by org.testng.reporters.JUnitReportReporter -->
<testsuite skipped="0" hostname="LAPTOP-SG3OI6V4" name="Flights2.EndToEndFlightBooking" tests="1" failures="0" timestamp="2021-08-16T13:32:43 IST" time="13.936" errors="0">
  <testcase name="endToEnd" time="13.936" classname="Flights2.EndToEndFlightBooking"/>
</testsuite> <!-- Flights2.EndToEndFlightBooking -->
